app/build/outputs/logs/manifest-merger-debug-report.txt
-- Merging decision tree log ---
manifest
ADDED from src/main/AndroidManifest.xml:2:1-60:12
	xmlns:android
		ADDED from src/main/AndroidManifest.xml:2:11-69
	package
		ADDED from src/main/AndroidManifest.xml:3:5-44
		INJECTED from src/main/AndroidManifest.xml
		INJECTED from src/main/AndroidManifest.xml
	android:versionName
		ADDED from src/main/AndroidManifest.xml:5:5-32
		INJECTED from src/main/AndroidManifest.xml
		INJECTED from src/main/AndroidManifest.xml
	android:versionCode
		ADDED from src/main/AndroidManifest.xml:4:5-29
		INJECTED from src/main/AndroidManifest.xml
		INJECTED from src/main/AndroidManifest.xml
uses-sdk
ADDED from src/main/AndroidManifest.xml:11:5-13:41
	android:targetSdkVersion
		ADDED from src/main/AndroidManifest.xml:13:9-38
		INJECTED from src/main/AndroidManifest.xml
		INJECTED from src/main/AndroidManifest.xml
	android:minSdkVersion
		ADDED from src/main/AndroidManifest.xml:12:9-35
		INJECTED from src/main/AndroidManifest.xml
		INJECTED from src/main/AndroidManifest.xml
uses-feature#android.hardware.usb.host
ADDED from src/main/AndroidManifest.xml:15:5-62
	android:name
		ADDED from src/main/AndroidManifest.xml:15:19-59
uses-permission#android.permission.BLUETOOTH
ADDED from src/main/AndroidManifest.xml:16:5-68
	android:name
		ADDED from src/main/AndroidManifest.xml:16:22-65
uses-permission#android.permission.BLUETOOTH_ADMIN
ADDED from src/main/AndroidManifest.xml:17:5-74
	android:name
		ADDED from src/main/AndroidManifest.xml:17:22-71
uses-permission#android.permission.RECORD_AUDIO
ADDED from src/main/AndroidManifest.xml:18:5-71
	android:name
		ADDED from src/main/AndroidManifest.xml:18:22-68
uses-feature#android.hardware.bluetooth_le
ADDED from src/main/AndroidManifest.xml:20:5-90
	android:required
		ADDED from src/main/AndroidManifest.xml:20:64-88
	android:name
		ADDED from src/main/AndroidManifest.xml:20:19-63
application
ADDED from src/main/AndroidManifest.xml:22:5-58:19
	android:label
		ADDED from src/main/AndroidManifest.xml:24:9-41
	android:icon
		ADDED from src/main/AndroidManifest.xml:23:9-37
activity#com.taidoc.pclinklibrary.demo.PCLinkLibraryDemoActivity
ADDED from src/main/AndroidManifest.xml:25:9-41:20
	android:screenOrientation
		ADDED from src/main/AndroidManifest.xml:28:13-49
	android:label
		ADDED from src/main/AndroidManifest.xml:27:13-45
	android:name
		ADDED from src/main/AndroidManifest.xml:26:13-54
intent-filter#android.intent.action.MAIN+android.intent.category.LAUNCHER
ADDED from src/main/AndroidManifest.xml:29:13-36:29
action#android.intent.action.MAIN
ADDED from src/main/AndroidManifest.xml:30:17-69
	android:name
		ADDED from src/main/AndroidManifest.xml:30:25-66
category#android.intent.category.LAUNCHER
ADDED from src/main/AndroidManifest.xml:31:17-77
	android:name
		ADDED from src/main/AndroidManifest.xml:31:27-74
meta-data#android.hardware.usb.action.USB_DEVICE_ATTACHED
ADDED from src/main/AndroidManifest.xml:38:13-39:57
	android:resource
		ADDED from src/main/AndroidManifest.xml:39:17-54
	android:name
		ADDED from src/main/AndroidManifest.xml:38:24-86
activity#com.taidoc.pclinklibrary.demo.PCLinkLibraryCommuTestActivity
ADDED from src/main/AndroidManifest.xml:42:9-46:20
	android:screenOrientation
		ADDED from src/main/AndroidManifest.xml:45:13-49
	android:label
		ADDED from src/main/AndroidManifest.xml:44:13-54
	android:name
		ADDED from src/main/AndroidManifest.xml:43:13-58
activity#com.taidoc.pclinklibrary.demo.PCLinkLibraryCommuTestActivityForKNV
ADDED from src/main/AndroidManifest.xml:48:9-52:20
	android:screenOrientation
		ADDED from src/main/AndroidManifest.xml:51:13-49
	android:label
		ADDED from src/main/AndroidManifest.xml:50:13-54
	android:name
		ADDED from src/main/AndroidManifest.xml:49:13-64
activity#com.taidoc.pclinklibrary.demo.AudioMonitorActivity
ADDED from src/main/AndroidManifest.xml:54:9-57:20
	android:screenOrientation
		ADDED from src/main/AndroidManifest.xml:56:13-49
	android:name
		ADDED from src/main/AndroidManifest.xml:55:13-48